<?xml version='1.0'?>
<ns2:test-suite xmlns:ns2='urn:model.allure.qatools.yandex.ru' start='1676172832577' stop='1676172837851'>
    <name>should test Interactive Investor application</name>
    <title>should test Interactive Investor application</title>
    <test-cases>
        <test-case start='1676172832577' status='broken' stop='1676172832710'>
            <name>should get the correct page titel</name>
            <title>should get the correct page titel</title>
            <labels>
                <label name='language' value='javascript'/>
                <label name='framework' value='wdio'/>
                <label name='thread' value='0-0'/>
                <label name='language' value='javascript'/>
                <label name='framework' value='wdio'/>
                <label name='thread' value='0-0'/>
            </labels>
            <parameters>
                <parameter kind='argument' name='browser' value='chrome-109.0.0.0'/>
                <parameter kind='argument' name='browser' value='chrome-109.0.0.0'/>
            </parameters>
            <steps>
                <step start='1676172832580' status='broken' stop='1676172832710'>
                    <name>acceptAlert</name>
                    <title>acceptAlert</title>
                    <attachments/>
                    <steps>
                        <step start='1676172832582' status='passed' stop='1676172832709'>
                            <name>takeScreenshot</name>
                            <title>takeScreenshot</title>
                            <attachments>
                                <attachment title='Screenshot' source='05250cfe-658c-45af-b2b8-fbc8c6326903-attachment.png' type='image/png' size='17427'/>
                            </attachments>
                            <steps/>
                        </step>
                    </steps>
                </step>
            </steps>
            <attachments/>
            <failure>
                <message>no such alert</message>
                <stack-trace>no such alert
                Error: no such alert
                    at processTicksAndRejections (node:internal/process/task_queues:96:5)
                    at async Context.&lt;anonymous> (/Users/gshahin/Documents/II/New/ii-webdriverio-chai-test/test/specs/e2e.ts:12:5)</stack-trace>
            </failure>
        </test-case>
        <test-case start='1676172832710' status='broken' stop='1676172837850'>
            <name>should click on the “Services” dropdown in the top nav bar,</name>
            <title>should click on the “Services” dropdown in the top nav bar,</title>
            <labels>
                <label name='language' value='javascript'/>
                <label name='framework' value='wdio'/>
                <label name='thread' value='0-0'/>
            </labels>
            <parameters>
                <parameter kind='argument' name='browser' value='chrome-109.0.0.0'/>
            </parameters>
            <steps>
                <step start='1676172832712' status='passed' stop='1676172832714'>
                    <name>findElement</name>
                    <title>findElement</title>
                    <attachments>
                        <attachment title='Request' source='ed7506c3-d99d-461e-80bc-0b6df807a8f5-attachment.json' type='application/json' size='67'/>
                        <attachment title='Response' source='f74e469b-6e8d-41ac-be77-65eb4e66004b-attachment.json' type='application/json' size='2'/>
                    </attachments>
                    <steps/>
                </step>
                <step start='1676172832719' status='passed' stop='1676172832722'>
                    <name>findElements</name>
                    <title>findElements</title>
                    <attachments>
                        <attachment title='Request' source='2f90f4bd-5dea-4ecf-9c83-ad12d628bc41-attachment.json' type='application/json' size='67'/>
                        <attachment title='Response' source='7a743582-441c-49df-9d9d-e4e25015ffd5-attachment.json' type='application/json' size='2'/>
                    </attachments>
                    <steps/>
                </step>
                <step start='1676172833225' status='passed' stop='1676172833229'>
                    <name>findElements</name>
                    <title>findElements</title>
                    <attachments>
                        <attachment title='Request' source='410b51af-aa08-48cd-ad81-4ef546fb24d4-attachment.json' type='application/json' size='67'/>
                        <attachment title='Response' source='e13a4ded-524e-42c8-836f-4b7d8423f92d-attachment.json' type='application/json' size='2'/>
                    </attachments>
                    <steps/>
                </step>
                <step start='1676172833723' status='passed' stop='1676172833728'>
                    <name>findElements</name>
                    <title>findElements</title>
                    <attachments>
                        <attachment title='Request' source='45549517-815b-4119-9a9a-b6a6347844c2-attachment.json' type='application/json' size='67'/>
                        <attachment title='Response' source='1e2a2465-04cb-42d4-b611-6d5366a82b6c-attachment.json' type='application/json' size='2'/>
                    </attachments>
                    <steps/>
                </step>
                <step start='1676172834224' status='passed' stop='1676172834229'>
                    <name>findElements</name>
                    <title>findElements</title>
                    <attachments>
                        <attachment title='Request' source='f1cf6586-75d1-4bf2-bc00-942e6f90ece1-attachment.json' type='application/json' size='67'/>
                        <attachment title='Response' source='d5d3665b-3972-440e-bc18-548778d7f1c9-attachment.json' type='application/json' size='2'/>
                    </attachments>
                    <steps/>
                </step>
                <step start='1676172834722' status='passed' stop='1676172834727'>
                    <name>findElements</name>
                    <title>findElements</title>
                    <attachments>
                        <attachment title='Request' source='960aa156-9352-4ed9-94d9-3b96ef09f487-attachment.json' type='application/json' size='67'/>
                        <attachment title='Response' source='6b3ebf3b-3f0f-446f-8f11-c83bf21d987a-attachment.json' type='application/json' size='2'/>
                    </attachments>
                    <steps/>
                </step>
                <step start='1676172835224' status='passed' stop='1676172835229'>
                    <name>findElements</name>
                    <title>findElements</title>
                    <attachments>
                        <attachment title='Request' source='229bb4b4-8853-4a94-99f9-6f8cb1897389-attachment.json' type='application/json' size='67'/>
                        <attachment title='Response' source='b7f72b5f-0d3e-4b81-9a01-0ce5df6659b2-attachment.json' type='application/json' size='2'/>
                    </attachments>
                    <steps/>
                </step>
                <step start='1676172835724' status='passed' stop='1676172835729'>
                    <name>findElements</name>
                    <title>findElements</title>
                    <attachments>
                        <attachment title='Request' source='9dca5cee-510f-4b71-b72a-bf34c2f36fc8-attachment.json' type='application/json' size='67'/>
                        <attachment title='Response' source='f4e42734-94cf-4b88-a2dc-468d022839a3-attachment.json' type='application/json' size='2'/>
                    </attachments>
                    <steps/>
                </step>
                <step start='1676172836221' status='passed' stop='1676172836224'>
                    <name>findElements</name>
                    <title>findElements</title>
                    <attachments>
                        <attachment title='Request' source='eca1a9a4-f679-4232-9ce0-96d762de76c3-attachment.json' type='application/json' size='67'/>
                        <attachment title='Response' source='6ecacbe4-f0ce-42cd-b3a9-8a62cb0f8e21-attachment.json' type='application/json' size='2'/>
                    </attachments>
                    <steps/>
                </step>
                <step start='1676172836720' status='passed' stop='1676172836722'>
                    <name>findElements</name>
                    <title>findElements</title>
                    <attachments>
                        <attachment title='Request' source='54f5ed92-52e3-4bb4-8d9d-b99734d54040-attachment.json' type='application/json' size='67'/>
                        <attachment title='Response' source='5b0fff8b-a6fd-4915-a97a-4b8ea1f8731b-attachment.json' type='application/json' size='2'/>
                    </attachments>
                    <steps/>
                </step>
                <step start='1676172837224' status='passed' stop='1676172837227'>
                    <name>findElements</name>
                    <title>findElements</title>
                    <attachments>
                        <attachment title='Request' source='c45d02e7-cfd7-4866-a69a-06fa5dd60861-attachment.json' type='application/json' size='67'/>
                        <attachment title='Response' source='e082cfac-48f3-458f-b2b5-5ff687e5ea74-attachment.json' type='application/json' size='2'/>
                    </attachments>
                    <steps/>
                </step>
                <step start='1676172837726' status='passed' stop='1676172837850'>
                    <name>takeScreenshot</name>
                    <title>takeScreenshot</title>
                    <attachments>
                        <attachment title='Screenshot' source='a64c63dd-99e8-4376-972e-8498e4373fcd-attachment.png' type='image/png' size='17427'/>
                    </attachments>
                    <steps/>
                </step>
            </steps>
            <attachments/>
            <failure>
                <message>Can't call click on element with selector "#navigationItemServices" because element wasn't found</message>
                <stack-trace>Error: Can't call click on element with selector "#navigationItemServices" because element wasn't found
                    at async HomePage.clickOnServiceNavigation (/Users/gshahin/Documents/II/New/ii-webdriverio-chai-test/test/pageobjects/home.page.ts:7:5)
                    at async Context.&lt;anonymous> (/Users/gshahin/Documents/II/New/ii-webdriverio-chai-test/test/specs/e2e.ts:18:5)</stack-trace>
            </failure>
        </test-case>
    </test-cases>
</ns2:test-suite>