<?xml version='1.0'?>
<ns2:test-suite xmlns:ns2='urn:model.allure.qatools.yandex.ru' start='1676172394545' stop='1676172399412'>
    <name>should test Interactive Investor application</name>
    <title>should test Interactive Investor application</title>
    <test-cases>
        <test-case start='1676172394545' status='failed' stop='1676172396229'>
            <name>should get the correct page titel</name>
            <title>should get the correct page titel</title>
            <labels>
                <label name='language' value='javascript'/>
                <label name='framework' value='wdio'/>
                <label name='thread' value='0-0'/>
                <label name='language' value='javascript'/>
                <label name='framework' value='wdio'/>
                <label name='thread' value='0-0'/>
            </labels>
            <parameters>
                <parameter kind='argument' name='browser' value='chrome-109.0.0.0'/>
                <parameter kind='argument' name='browser' value='chrome-109.0.0.0'/>
            </parameters>
            <steps>
                <step start='1676172394548' status='failed' stop='1676172396229'>
                    <name>navigateTo</name>
                    <title>navigateTo</title>
                    <attachments>
                        <attachment title='Request' source='7d32fa81-598f-4fe6-ade6-78a0fdfe8b82-attachment.json' type='application/json' size='36'/>
                    </attachments>
                    <steps>
                        <step start='1676172394551' status='passed' stop='1676172395952'>
                            <name>getTitle</name>
                            <title>getTitle</title>
                            <attachments/>
                            <steps/>
                        </step>
                        <step start='1676172395974' status='passed' stop='1676172395988'>
                            <name>getTitle</name>
                            <title>getTitle</title>
                            <attachments>
                                <attachment title='Response' source='522f468e-e52f-4d33-9bf2-681e8aa9c4cb-attachment.json' type='application/json' size='73'/>
                            </attachments>
                            <steps/>
                        </step>
                        <step start='1676172396016' status='passed' stop='1676172396227'>
                            <name>takeScreenshot</name>
                            <title>takeScreenshot</title>
                            <attachments>
                                <attachment title='Screenshot' source='aa32c0ac-9df0-466f-a99a-54ace26ca016-attachment.png' type='image/png' size='269443'/>
                            </attachments>
                            <steps/>
                        </step>
                    </steps>
                </step>
            </steps>
            <attachments/>
            <failure>
                <message>expected 'interactive investor – the UK’s numbe…' to equal 'Home - New - interactive investor'      
                      actual expected
                      
                      'interactiveHome investor- –New the UK’s number one flat-fee investmentinteractive platforminvestor'
                      </message>
                <stack-trace>AssertionError: expected 'interactive investor – the UK’s numbe…' to equal 'Home - New - interactive investor'
                    at Context.&lt;anonymous> (/Users/gshahin/Documents/II/New/ii-webdriverio-chai-test/test/specs/e2e.ts:13:22)
                    at processTicksAndRejections (node:internal/process/task_queues:96:5)</stack-trace>
            </failure>
        </test-case>
        <test-case start='1676172396230' status='broken' stop='1676172399411'>
            <name>should click on the “Services” dropdown in the top nav bar,</name>
            <title>should click on the “Services” dropdown in the top nav bar,</title>
            <labels>
                <label name='language' value='javascript'/>
                <label name='framework' value='wdio'/>
                <label name='thread' value='0-0'/>
            </labels>
            <parameters>
                <parameter kind='argument' name='browser' value='chrome-109.0.0.0'/>
            </parameters>
            <steps>
                <step start='1676172396232' status='passed' stop='1676172396233'>
                    <name>findElement</name>
                    <title>findElement</title>
                    <attachments>
                        <attachment title='Request' source='e6206a01-ef6a-4bf0-9a77-e99c63f3f42d-attachment.json' type='application/json' size='67'/>
                        <attachment title='Response' source='73065325-e166-48a9-b270-6386456e867b-attachment.json' type='application/json' size='56'/>
                    </attachments>
                    <steps/>
                </step>
                <step start='1676172396237' status='passed' stop='1676172396255'>
                    <name>elementClick</name>
                    <title>elementClick</title>
                    <attachments>
                        <attachment title='Request' source='075f3079-08ce-4427-9d73-60b9af02f75d-attachment.json' type='application/json' size='30'/>
                    </attachments>
                    <steps/>
                </step>
                <step start='1676172396257' status='passed' stop='1676172396258'>
                    <name>findElement</name>
                    <title>findElement</title>
                    <attachments>
                        <attachment title='Request' source='a07af291-212d-4c84-8312-7c9c92483622-attachment.json' type='application/json' size='78'/>
                        <attachment title='Response' source='dc4b0d52-2ca5-416e-adb4-78ba67aef48a-attachment.json' type='application/json' size='2'/>
                    </attachments>
                    <steps/>
                </step>
                <step start='1676172396262' status='passed' stop='1676172396263'>
                    <name>findElement</name>
                    <title>findElement</title>
                    <attachments>
                        <attachment title='Request' source='4b206fa4-2689-41ff-88e8-cc776ff6fb69-attachment.json' type='application/json' size='78'/>
                        <attachment title='Response' source='294f3957-e7dc-435e-baf5-c062035ecc73-attachment.json' type='application/json' size='2'/>
                    </attachments>
                    <steps/>
                </step>
                <step start='1676172396765' status='passed' stop='1676172396767'>
                    <name>findElement</name>
                    <title>findElement</title>
                    <attachments>
                        <attachment title='Request' source='9ef56b32-cf01-42a7-92f6-b5e2896dc2f8-attachment.json' type='application/json' size='78'/>
                        <attachment title='Response' source='bb090a68-e85f-47cd-95fe-d85bc8870504-attachment.json' type='application/json' size='2'/>
                    </attachments>
                    <steps/>
                </step>
                <step start='1676172397267' status='passed' stop='1676172397270'>
                    <name>findElement</name>
                    <title>findElement</title>
                    <attachments>
                        <attachment title='Request' source='512f38ae-d923-4813-b07c-aa7735757022-attachment.json' type='application/json' size='78'/>
                        <attachment title='Response' source='7aa6d414-7a55-4a8f-a24d-c7db04477f85-attachment.json' type='application/json' size='2'/>
                    </attachments>
                    <steps/>
                </step>
                <step start='1676172397768' status='passed' stop='1676172397771'>
                    <name>findElement</name>
                    <title>findElement</title>
                    <attachments>
                        <attachment title='Request' source='5c3ca0cc-6b8d-4f99-8088-30e2d34db9cb-attachment.json' type='application/json' size='78'/>
                        <attachment title='Response' source='1324da88-0d26-4ed3-94d7-ff6e62bb23be-attachment.json' type='application/json' size='2'/>
                    </attachments>
                    <steps/>
                </step>
                <step start='1676172398268' status='passed' stop='1676172398278'>
                    <name>findElement</name>
                    <title>findElement</title>
                    <attachments>
                        <attachment title='Request' source='da1f6ba1-0eb6-4a16-820b-ccf9d2f78ae3-attachment.json' type='application/json' size='78'/>
                        <attachment title='Response' source='855afd39-ddbc-478f-b84b-2f810079e72c-attachment.json' type='application/json' size='2'/>
                    </attachments>
                    <steps/>
                </step>
                <step start='1676172398764' status='passed' stop='1676172398767'>
                    <name>findElement</name>
                    <title>findElement</title>
                    <attachments>
                        <attachment title='Request' source='c8f16618-ae33-4190-a0b0-eb3da23e50ac-attachment.json' type='application/json' size='78'/>
                        <attachment title='Response' source='ff7eb0c7-f206-47f2-9914-ce83260b7f22-attachment.json' type='application/json' size='2'/>
                    </attachments>
                    <steps/>
                </step>
                <step start='1676172399269' status='passed' stop='1676172399411'>
                    <name>takeScreenshot</name>
                    <title>takeScreenshot</title>
                    <attachments>
                        <attachment title='Screenshot' source='a2431b69-07d1-43d8-af17-e779eb4e15a8-attachment.png' type='image/png' size='272539'/>
                    </attachments>
                    <steps/>
                </step>
            </steps>
            <attachments/>
            <failure>
                <message>element (".chakra-link chakra-link ii-y41h9l") still not displayed after 3000ms</message>
                <stack-trace>Error: element (".chakra-link chakra-link ii-y41h9l") still not displayed after 3000ms
                    at async Context.&lt;anonymous> (/Users/gshahin/Documents/II/New/ii-webdriverio-chai-test/test/specs/e2e.ts:19:5)</stack-trace>
            </failure>
        </test-case>
    </test-cases>
</ns2:test-suite>