<?xml version='1.0'?>
<ns2:test-suite xmlns:ns2='urn:model.allure.qatools.yandex.ru' start='1676171015483' stop='1676171015620'>
    <name>launch Interactive Investor application</name>
    <title>launch Interactive Investor application</title>
    <test-cases>
        <test-case start='1676171015483' status='failed' stop='1676171015619'>
            <name>should get the correct page titel</name>
            <title>should get the correct page titel</title>
            <labels>
                <label name='language' value='javascript'/>
                <label name='framework' value='wdio'/>
                <label name='thread' value='0-0'/>
                <label name='language' value='javascript'/>
                <label name='framework' value='wdio'/>
                <label name='thread' value='0-0'/>
            </labels>
            <parameters>
                <parameter kind='argument' name='browser' value='chrome-109.0.0.0'/>
                <parameter kind='argument' name='browser' value='chrome-109.0.0.0'/>
            </parameters>
            <steps>
                <step start='1676171015488' status='failed' stop='1676171015619'>
                    <name>navigateTo</name>
                    <title>navigateTo</title>
                    <attachments>
                        <attachment title='Request' source='72000dae-f61a-4362-9cdc-e6eb967448d5-attachment.json' type='application/json' size='36'/>
                    </attachments>
                    <steps>
                        <step start='1676171015492' status='failed' stop='1676171015619'>
                            <name>getTitle</name>
                            <title>getTitle</title>
                            <attachments/>
                            <steps>
                                <step start='1676171015492' status='passed' stop='1676171015617'>
                                    <name>takeScreenshot</name>
                                    <title>takeScreenshot</title>
                                    <attachments>
                                        <attachment title='Screenshot' source='36e3fe3f-14d0-49b3-946e-b5a1f7ed03b9-attachment.png' type='image/png' size='17427'/>
                                    </attachments>
                                    <steps/>
                                </step>
                            </steps>
                        </step>
                    </steps>
                </step>
            </steps>
            <attachments/>
            <failure>
                <message>expected Promise{…} to equal ''      
                      actual expected
                      
                      Promise [Promise] {}''
                      </message>
                <stack-trace>AssertionError: expected Promise{…} to equal ''
                    at Context.&lt;anonymous> (/Users/gshahin/Documents/II/New/ii-webdriverio-chai-test/test/specs/e2e.ts:12:22)</stack-trace>
            </failure>
        </test-case>
    </test-cases>
</ns2:test-suite>